
***********
Task started in 1 time of 1 at 01.06.15 00:48:43
******************* node3 **********************
node3   Mic status: online online
mic_status=0
Stopping puppet agent: [  OK  ]
Host node3 has been prepared
error_flag=0
Preparing nodes for user kalgin
/usr/runmvs/bin/prepare_nodes '/usr/runmvs/users/kalgin/queue/run.xeon.sh.2'
Starting task process with pid 97573
Pid of sleeper is 97574
Sleeper 97574 started at 01.06.15 00:48:50 for 22 minutes
Signals set
manager: process 97573 done at 01.06.15 00:58:35
Killing sleeper 97574
Waiting for the end of sleeper
Sleeper done successfully
Creating done-file /usr/runmvs/users/kalgin/done/run.xeon.sh.2
Done-file created successfully
01.06.15 00:58:35: manager: closing nodes
close_node: running "/usr/runmvs/bin/close_nodes /usr/runmvs/users/kalgin/queue/run.xeon.sh.2 no"
Close nodes started
Executing /usr/runmvs/bin/trycmd 3 /usr/runmvs/bin/cmd 900 /usr/bin/ssh on node node3
Rsh on node node3 Ok
close_nodes: node node3 has been successfully freed
close_node: close_nodes script done
01.06.15 00:58:43: manager: close_nodes done
Unlocking nodes ...
Exiting...
