
***********
Task started in 1 time of 1 at 01.06.15 08:04:17
******************* node117 **********************
node117   Mic status: online online
mic_status=0
Stopping puppet agent: [  OK  ]
Host node117 has been prepared
error_flag=0
Preparing nodes for user kalgin
/usr/runmvs/bin/prepare_nodes '/usr/runmvs/users/kalgin/queue/run.xeon.sh.4'
Starting task process with pid 107827
Pid of sleeper is 107828
Sleeper 107828 started at 01.06.15 08:04:25 for 59 minutes
Signals set
manager: process 107827 done at 01.06.15 08:04:59
Killing sleeper 107828
Waiting for the end of sleeper
Sleeper done successfully
Creating done-file /usr/runmvs/users/kalgin/done/run.xeon.sh.4
Done-file created successfully
01.06.15 08:04:59: manager: closing nodes
close_node: running "/usr/runmvs/bin/close_nodes /usr/runmvs/users/kalgin/queue/run.xeon.sh.4 no"
Close nodes started
Executing /usr/runmvs/bin/trycmd 3 /usr/runmvs/bin/cmd 900 /usr/bin/ssh on node node117
Rsh on node node117 Ok
close_nodes: node node117 has been successfully freed
close_node: close_nodes script done
01.06.15 08:05:07: manager: close_nodes done
Unlocking nodes ...
Exiting...
