
***********
Task started in 1 time of 1 at 01.06.15 07:20:11
******************* node150 **********************
node150   Mic status: online online
mic_status=0
Stopping puppet agent: [  OK  ]
Host node150 has been prepared
error_flag=0
Preparing nodes for user kalgin
/usr/runmvs/bin/prepare_nodes '/usr/runmvs/users/kalgin/queue/run.xeon.sh.3'
Starting task process with pid 104649
Pid of sleeper is 104650
Sleeper 104650 started at 01.06.15 07:20:18 for 30 minutes
Signals set
manager: process 104649 done at 01.06.15 07:26:09
Killing sleeper 104650
Waiting for the end of sleeper
Sleeper done successfully
Creating done-file /usr/runmvs/users/kalgin/done/run.xeon.sh.3
Done-file created successfully
01.06.15 07:26:09: manager: closing nodes
close_node: running "/usr/runmvs/bin/close_nodes /usr/runmvs/users/kalgin/queue/run.xeon.sh.3 no"
Close nodes started
Executing /usr/runmvs/bin/trycmd 3 /usr/runmvs/bin/cmd 900 /usr/bin/ssh on node node150
Rsh on node node150 Ok
close_nodes: node node150 has been successfully freed
close_node: close_nodes script done
01.06.15 07:26:18: manager: close_nodes done
Unlocking nodes ...
Exiting...
