
***********
Task started in 1 time of 1 at 01.06.15 07:26:29
******************* node205 **********************
node205   Mic status: online online
mic_status=0
Stopping puppet agent: [  OK  ]
Host node205 has been prepared
error_flag=0
Preparing nodes for user kalgin
/usr/runmvs/bin/prepare_nodes '/usr/runmvs/users/kalgin/queue/run.rand.sh.3'
Starting task process with pid 121506
Pid of sleeper is 121507
Signals set
Sleeper 121507 started at 01.06.15 07:26:36 for 30 minutes
manager: process 121506 done at 01.06.15 07:32:55
Killing sleeper 121507
Waiting for the end of sleeper
Sleeper done successfully
Creating done-file /usr/runmvs/users/kalgin/done/run.rand.sh.3
Done-file created successfully
01.06.15 07:32:55: manager: closing nodes
close_node: running "/usr/runmvs/bin/close_nodes /usr/runmvs/users/kalgin/queue/run.rand.sh.3 no"
Close nodes started
Executing /usr/runmvs/bin/trycmd 3 /usr/runmvs/bin/cmd 900 /usr/bin/ssh on node node205
Rsh on node node205 Ok
close_nodes: node node205 has been successfully freed
close_node: close_nodes script done
01.06.15 07:33:04: manager: close_nodes done
Unlocking nodes ...
Exiting...
