
***********
Task started in 1 time of 1 at 17.05.15 02:15:49
******************* node159 **********************
node159   Mic status: online online
mic_status=0
Stopping puppet agent: [  OK  ]
Host node159 has been prepared
error_flag=0
Preparing nodes for user kalgin
/usr/runmvs/bin/prepare_nodes '/usr/runmvs/users/kalgin/queue/run.xeon.sh.mergess.5'
Starting task process with pid 58828
Pid of sleeper is 58829
Signals set
Sleeper 58829 started at 17.05.15 02:15:56 for 20 minutes
manager: process 58828 done at 17.05.15 02:19:47
Killing sleeper 58829
Waiting for the end of sleeper
Sleeper done successfully
Creating done-file /usr/runmvs/users/kalgin/done/run.xeon.sh.mergess.5
Done-file created successfully
17.05.15 02:19:47: manager: closing nodes
close_node: running "/usr/runmvs/bin/close_nodes /usr/runmvs/users/kalgin/queue/run.xeon.sh.mergess.5 no"
Close nodes started
Executing /usr/runmvs/bin/trycmd 3 /usr/runmvs/bin/cmd 900 /usr/bin/ssh on node node159
Rsh on node node159 Ok
close_nodes: node node159 has been successfully freed
close_node: close_nodes script done
17.05.15 02:19:56: manager: close_nodes done
Unlocking nodes ...
Exiting...
