
***********
Task started in 1 time of 1 at 31.05.15 23:50:12
******************* node153 **********************
node153   Mic status: online online
mic_status=0
Stopping puppet agent: [  OK  ]
Host node153 has been prepared
error_flag=0
Preparing nodes for user kalgin
/usr/runmvs/bin/prepare_nodes '/usr/runmvs/users/kalgin/queue/run.xeon.sh.4'
Starting task process with pid 48857
Pid of sleeper is 48858
Signals set
Sleeper 48858 started at 31.05.15 23:50:20 for 10 minutes
manager: process 48857 done at 31.05.15 23:53:03
Killing sleeper 48858
Waiting for the end of sleeper
Sleeper done successfully
Creating done-file /usr/runmvs/users/kalgin/done/run.xeon.sh.4
Done-file created successfully
31.05.15 23:53:03: manager: closing nodes
close_node: running "/usr/runmvs/bin/close_nodes /usr/runmvs/users/kalgin/queue/run.xeon.sh.4 no"
Close nodes started
Executing /usr/runmvs/bin/trycmd 3 /usr/runmvs/bin/cmd 900 /usr/bin/ssh on node node153
Rsh on node node153 Ok
close_nodes: node node153 has been successfully freed
close_node: close_nodes script done
31.05.15 23:53:12: manager: close_nodes done
Unlocking nodes ...
Exiting...
