
***********
Task started in 1 time of 1 at 01.06.15 00:27:39
******************* node2 **********************
node2   Mic status: online online
mic_status=0
Stopping puppet agent: [  OK  ]
Host node2 has been prepared
error_flag=0
Preparing nodes for user kalgin
/usr/runmvs/bin/prepare_nodes '/usr/runmvs/users/kalgin/queue/run.xeon.sh.4'
Starting task process with pid 33159
Pid of sleeper is 33160
Sleeper 33160 started at 01.06.15 00:27:47 for 20 minutes
Signals set
manager: process 33159 done at 01.06.15 00:39:39
Killing sleeper 33160
Waiting for the end of sleeper
Sleeper done successfully
Creating done-file /usr/runmvs/users/kalgin/done/run.xeon.sh.4
Done-file created successfully
01.06.15 00:39:39: manager: closing nodes
close_node: running "/usr/runmvs/bin/close_nodes /usr/runmvs/users/kalgin/queue/run.xeon.sh.4 no"
Close nodes started
Executing /usr/runmvs/bin/trycmd 3 /usr/runmvs/bin/cmd 900 /usr/bin/ssh on node node2
Rsh on node node2 Ok
close_nodes: node node2 has been successfully freed
close_node: close_nodes script done
01.06.15 00:39:48: manager: close_nodes done
Unlocking nodes ...
Exiting...
