
***********
Task started in 1 time of 1 at 01.06.15 08:05:57
******************* node112 **********************
node112   Mic status: online online
mic_status=0
Stopping puppet agent: [  OK  ]
Host node112 has been prepared
error_flag=0
Preparing nodes for user kalgin
/usr/runmvs/bin/prepare_nodes '/usr/runmvs/users/kalgin/queue/run.xeon.sh.7'
Starting task process with pid 112464
Pid of sleeper is 112465
Sleeper 112465 started at 01.06.15 08:06:04 for 59 minutes
Signals set
manager: process 112464 done at 01.06.15 08:08:47
Killing sleeper 112465
Waiting for the end of sleeper
Sleeper done successfully
Creating done-file /usr/runmvs/users/kalgin/done/run.xeon.sh.7
Done-file created successfully
01.06.15 08:08:47: manager: closing nodes
close_node: running "/usr/runmvs/bin/close_nodes /usr/runmvs/users/kalgin/queue/run.xeon.sh.7 no"
Close nodes started
Executing /usr/runmvs/bin/trycmd 3 /usr/runmvs/bin/cmd 900 /usr/bin/ssh on node node112
Rsh on node node112 Ok
close_nodes: node node112 has been successfully freed
close_node: close_nodes script done
01.06.15 08:08:55: manager: close_nodes done
Unlocking nodes ...
Exiting...
