
***********
Task started in 1 time of 1 at 16.05.15 18:51:50
******************* node205 **********************
node205   Mic status: online online
mic_status=0
Stopping puppet agent: [  OK  ]
Host node205 has been prepared
error_flag=0
Preparing nodes for user kalgin
/usr/runmvs/bin/prepare_nodes '/usr/runmvs/users/kalgin/queue/run.xeon.sh.4'
Starting task process with pid 111247
Pid of sleeper is 111248
Signals set
Sleeper 111248 started at 16.05.15 18:51:57 for 20 minutes
manager: process 111247 done at 16.05.15 18:54:52
Killing sleeper 111248
Waiting for the end of sleeper
Sleeper done successfully
Creating done-file /usr/runmvs/users/kalgin/done/run.xeon.sh.4
Done-file created successfully
16.05.15 18:54:52: manager: closing nodes
close_node: running "/usr/runmvs/bin/close_nodes /usr/runmvs/users/kalgin/queue/run.xeon.sh.4 no"
Close nodes started
Executing /usr/runmvs/bin/trycmd 3 /usr/runmvs/bin/cmd 900 /usr/bin/ssh on node node205
Rsh on node node205 Ok
close_nodes: node node205 has been successfully freed
close_node: close_nodes script done
16.05.15 18:55:00: manager: close_nodes done
Unlocking nodes ...
Exiting...
