
***********
Task started in 1 time of 1 at 17.05.15 02:09:46
******************* node205 **********************
node205   Mic status: online online
mic_status=0
Stopping puppet agent: [  OK  ]
Host node205 has been prepared
error_flag=0
Preparing nodes for user kalgin
/usr/runmvs/bin/prepare_nodes '/usr/runmvs/users/kalgin/queue/run.xeon.sh.mergess.2'
Starting task process with pid 39021
Pid of sleeper is 39022
Sleeper 39022 started at 17.05.15 02:09:54 for 20 minutes
Signals set
manager: process 39021 done at 17.05.15 02:13:48
Killing sleeper 39022
Waiting for the end of sleeper
Sleeper done successfully
Creating done-file /usr/runmvs/users/kalgin/done/run.xeon.sh.mergess.2
Done-file created successfully
17.05.15 02:13:48: manager: closing nodes
close_node: running "/usr/runmvs/bin/close_nodes /usr/runmvs/users/kalgin/queue/run.xeon.sh.mergess.2 no"
Close nodes started
Executing /usr/runmvs/bin/trycmd 3 /usr/runmvs/bin/cmd 900 /usr/bin/ssh on node node205
Rsh on node node205 Ok
close_nodes: node node205 has been successfully freed
close_node: close_nodes script done
17.05.15 02:13:56: manager: close_nodes done
Unlocking nodes ...
Exiting...
