
***********
Task started in 1 time of 1 at 01.06.15 12:28:03
******************* node24 **********************
node24   Mic status: online online
mic_status=0
Stopping puppet agent: [  OK  ]
Host node24 has been prepared
error_flag=0
Preparing nodes for user kalgin
/usr/runmvs/bin/prepare_nodes '/usr/runmvs/users/kalgin/queue/run.xeon.sh.9'
Starting task process with pid 123645
Pid of sleeper is 123647
Sleeper 123647 started at 01.06.15 12:28:13 for 59 minutes
Signals set
manager: process 123645 done at 01.06.15 12:32:56
Killing sleeper 123647
Waiting for the end of sleeper
Sleeper done successfully
Creating done-file /usr/runmvs/users/kalgin/done/run.xeon.sh.9
Done-file created successfully
01.06.15 12:32:56: manager: closing nodes
close_node: running "/usr/runmvs/bin/close_nodes /usr/runmvs/users/kalgin/queue/run.xeon.sh.9 no"
Close nodes started
Executing /usr/runmvs/bin/trycmd 3 /usr/runmvs/bin/cmd 900 /usr/bin/ssh on node node24
Rsh on node node24 Ok
close_nodes: node node24 has been successfully freed
close_node: close_nodes script done
01.06.15 12:33:04: manager: close_nodes done
Unlocking nodes ...
Exiting...
