
***********
Task started in 1 time of 1 at 16.05.15 19:02:35
******************* node111 **********************
node111   Mic status: online online
mic_status=0
Stopping puppet agent: [  OK  ]
Host node111 has been prepared
error_flag=0
Preparing nodes for user kalgin
/usr/runmvs/bin/prepare_nodes '/usr/runmvs/users/kalgin/queue/run.xeon.sh.2'
Starting task process with pid 9183
Pid of sleeper is 9184
Signals set
Sleeper 9184 started at 16.05.15 19:02:43 for 20 minutes
manager: process 9183 done at 16.05.15 19:03:57
Killing sleeper 9184
Waiting for the end of sleeper
Sleeper done successfully
Creating done-file /usr/runmvs/users/kalgin/done/run.xeon.sh.2
Done-file created successfully
16.05.15 19:03:57: manager: closing nodes
close_node: running "/usr/runmvs/bin/close_nodes /usr/runmvs/users/kalgin/queue/run.xeon.sh.2 no"
Close nodes started
Executing /usr/runmvs/bin/trycmd 3 /usr/runmvs/bin/cmd 900 /usr/bin/ssh on node node111
Rsh on node node111 Ok
close_nodes: node node111 has been successfully freed
close_node: close_nodes script done
16.05.15 19:04:05: manager: close_nodes done
Unlocking nodes ...
Exiting...
