
***********
Task started in 1 time of 1 at 17.05.15 00:43:25
******************* node205 **********************
node205   Mic status: online online
mic_status=0
Stopping puppet agent: [  OK  ]
Host node205 has been prepared
error_flag=0
Preparing nodes for user kalgin
/usr/runmvs/bin/prepare_nodes '/usr/runmvs/users/kalgin/queue/run.xeon.sh.2'
Starting task process with pid 46219
Pid of sleeper is 46220
Signals set
Sleeper 46220 started at 17.05.15 00:43:32 for 10 minutes
manager: process 46219 done at 17.05.15 00:46:04
Killing sleeper 46220
Waiting for the end of sleeper
Sleeper done successfully
Creating done-file /usr/runmvs/users/kalgin/done/run.xeon.sh.2
Done-file created successfully
17.05.15 00:46:04: manager: closing nodes
close_node: running "/usr/runmvs/bin/close_nodes /usr/runmvs/users/kalgin/queue/run.xeon.sh.2 no"
Close nodes started
Executing /usr/runmvs/bin/trycmd 3 /usr/runmvs/bin/cmd 900 /usr/bin/ssh on node node205
Rsh on node node205 Ok
close_nodes: node node205 has been successfully freed
close_node: close_nodes script done
17.05.15 00:46:13: manager: close_nodes done
Unlocking nodes ...
Exiting...
