
***********
Task started in 1 time of 1 at 31.05.15 23:50:04
******************* node152 **********************
node152   Mic status: online online
mic_status=0
Stopping puppet agent: [  OK  ]
Host node152 has been prepared
error_flag=0
Preparing nodes for user kalgin
/usr/runmvs/bin/prepare_nodes '/usr/runmvs/users/kalgin/queue/run.xeon.sh.3'
Starting task process with pid 47896
Pid of sleeper is 47897
Sleeper 47897 started at 31.05.15 23:50:12 for 10 minutes
Signals set
manager: process 47896 done at 31.05.15 23:52:55
Killing sleeper 47897
Waiting for the end of sleeper
Sleeper done successfully
Creating done-file /usr/runmvs/users/kalgin/done/run.xeon.sh.3
Done-file created successfully
31.05.15 23:52:55: manager: closing nodes
close_node: running "/usr/runmvs/bin/close_nodes /usr/runmvs/users/kalgin/queue/run.xeon.sh.3 no"
Close nodes started
Executing /usr/runmvs/bin/trycmd 3 /usr/runmvs/bin/cmd 900 /usr/bin/ssh on node node152
Rsh on node node152 Ok
close_nodes: node node152 has been successfully freed
close_node: close_nodes script done
31.05.15 23:53:04: manager: close_nodes done
Unlocking nodes ...
Exiting...
