
***********
Task started in 1 time of 1 at 01.06.15 07:26:19
******************* node150 **********************
node150   Mic status: online online
mic_status=0
Stopping puppet agent: [  OK  ]
Host node150 has been prepared
error_flag=0
Preparing nodes for user kalgin
/usr/runmvs/bin/prepare_nodes '/usr/runmvs/users/kalgin/queue/run.rand.sh.2'
Starting task process with pid 120958
Pid of sleeper is 120959
Sleeper 120959 started at 01.06.15 07:26:27 for 30 minutes
Signals set
manager: process 120958 done at 01.06.15 07:32:39
Killing sleeper 120959
Waiting for the end of sleeper
Sleeper done successfully
Creating done-file /usr/runmvs/users/kalgin/done/run.rand.sh.2
Done-file created successfully
01.06.15 07:32:39: manager: closing nodes
close_node: running "/usr/runmvs/bin/close_nodes /usr/runmvs/users/kalgin/queue/run.rand.sh.2 no"
Close nodes started
Executing /usr/runmvs/bin/trycmd 3 /usr/runmvs/bin/cmd 900 /usr/bin/ssh on node node150
Rsh on node node150 Ok
close_nodes: node node150 has been successfully freed
close_node: close_nodes script done
01.06.15 07:32:47: manager: close_nodes done
Unlocking nodes ...
Exiting...
