
***********
Task started in 1 time of 1 at 01.06.15 12:28:22
******************* node22 **********************
node22   Mic status: online online
mic_status=0
Stopping puppet agent: [  OK  ]
Host node22 has been prepared
error_flag=0
Preparing nodes for user kalgin
/usr/runmvs/bin/prepare_nodes '/usr/runmvs/users/kalgin/queue/run.xeon.sh.10'
Starting task process with pid 124584
Pid of sleeper is 124585
Sleeper 124585 started at 01.06.15 12:28:29 for 59 minutes
Signals set
manager: process 124584 done at 01.06.15 12:39:45
Killing sleeper 124585
Waiting for the end of sleeper
Sleeper done successfully
Creating done-file /usr/runmvs/users/kalgin/done/run.xeon.sh.10
Done-file created successfully
01.06.15 12:39:45: manager: closing nodes
close_node: running "/usr/runmvs/bin/close_nodes /usr/runmvs/users/kalgin/queue/run.xeon.sh.10 no"
Close nodes started
Executing /usr/runmvs/bin/trycmd 3 /usr/runmvs/bin/cmd 900 /usr/bin/ssh on node node22
Rsh on node node22 Ok
close_nodes: node node22 has been successfully freed
close_node: close_nodes script done
01.06.15 12:39:54: manager: close_nodes done
Unlocking nodes ...
Exiting...
