
***********
Task started in 1 time of 1 at 01.06.15 07:43:11
******************* node117 **********************
node117   Mic status: online online
mic_status=0
Stopping puppet agent: [  OK  ]
Host node117 has been prepared
error_flag=0
Preparing nodes for user kalgin
/usr/runmvs/bin/prepare_nodes '/usr/runmvs/users/kalgin/queue/run.xeon.sh.5'
Starting task process with pid 43970
Pid of sleeper is 43971
Sleeper 43971 started at 01.06.15 07:43:18 for 15 minutes
Signals set
manager: process 43970 done at 01.06.15 07:50:15
Killing sleeper 43971
Waiting for the end of sleeper
Sleeper done successfully
Creating done-file /usr/runmvs/users/kalgin/done/run.xeon.sh.5
Done-file created successfully
01.06.15 07:50:15: manager: closing nodes
close_node: running "/usr/runmvs/bin/close_nodes /usr/runmvs/users/kalgin/queue/run.xeon.sh.5 no"
Close nodes started
Executing /usr/runmvs/bin/trycmd 3 /usr/runmvs/bin/cmd 900 /usr/bin/ssh on node node117
Rsh on node node117 Ok
close_nodes: node node117 has been successfully freed
close_node: close_nodes script done
01.06.15 07:50:24: manager: close_nodes done
Unlocking nodes ...
Exiting...
