
***********
Task started in 1 time of 1 at 01.06.15 00:50:06
******************* node7 **********************
node7   Mic status: online online
mic_status=0
Stopping puppet agent: [  OK  ]
Host node7 has been prepared
error_flag=0
Preparing nodes for user kalgin
/usr/runmvs/bin/prepare_nodes '/usr/runmvs/users/kalgin/queue/run.xeon.sh.3'
Starting task process with pid 106164
Pid of sleeper is 106165
Sleeper 106165 started at 01.06.15 00:50:13 for 22 minutes
Signals set
manager: process 106164 done at 01.06.15 01:00:04
Killing sleeper 106165
Waiting for the end of sleeper
Sleeper done successfully
Creating done-file /usr/runmvs/users/kalgin/done/run.xeon.sh.3
Done-file created successfully
01.06.15 01:00:04: manager: closing nodes
close_node: running "/usr/runmvs/bin/close_nodes /usr/runmvs/users/kalgin/queue/run.xeon.sh.3 no"
Close nodes started
Executing /usr/runmvs/bin/trycmd 3 /usr/runmvs/bin/cmd 900 /usr/bin/ssh on node node7
Rsh on node node7 Ok
close_nodes: node node7 has been successfully freed
close_node: close_nodes script done
01.06.15 01:00:13: manager: close_nodes done
Unlocking nodes ...
Exiting...
