
***********
Task started in 1 time of 1 at 01.06.15 07:10:04
******************* node112 **********************
node112   Mic status: online online
mic_status=0
Stopping puppet agent: [  OK  ]
Host node112 has been prepared
error_flag=0
Preparing nodes for user kalgin
/usr/runmvs/bin/prepare_nodes '/usr/runmvs/users/kalgin/queue/run.rand.sh.5'
Starting task process with pid 73590
Pid of sleeper is 73591
Sleeper 73591 started at 01.06.15 07:10:11 for 30 minutes
Signals set
manager: process 73590 done at 01.06.15 07:18:12
Killing sleeper 73591
Waiting for the end of sleeper
Sleeper done successfully
Creating done-file /usr/runmvs/users/kalgin/done/run.rand.sh.5
Done-file created successfully
01.06.15 07:18:12: manager: closing nodes
close_node: running "/usr/runmvs/bin/close_nodes /usr/runmvs/users/kalgin/queue/run.rand.sh.5 no"
Close nodes started
Executing /usr/runmvs/bin/trycmd 3 /usr/runmvs/bin/cmd 900 /usr/bin/ssh on node node112
Rsh on node node112 Ok
close_nodes: node node112 has been successfully freed
close_node: close_nodes script done
01.06.15 07:18:20: manager: close_nodes done
Unlocking nodes ...
Exiting...
