
***********
Task started in 1 time of 1 at 01.06.15 00:27:32
******************* node1 **********************
node1   Mic status: online online
mic_status=0
Stopping puppet agent: [  OK  ]
Host node1 has been prepared
error_flag=0
Preparing nodes for user kalgin
/usr/runmvs/bin/prepare_nodes '/usr/runmvs/users/kalgin/queue/run.xeon.sh.3'
Starting task process with pid 32782
Pid of sleeper is 32783
Sleeper 32783 started at 01.06.15 00:27:39 for 20 minutes
Signals set
manager: process 32782 done at 01.06.15 00:38:16
Killing sleeper 32783
Waiting for the end of sleeper
Sleeper done successfully
Creating done-file /usr/runmvs/users/kalgin/done/run.xeon.sh.3
Done-file created successfully
01.06.15 00:38:16: manager: closing nodes
close_node: running "/usr/runmvs/bin/close_nodes /usr/runmvs/users/kalgin/queue/run.xeon.sh.3 no"
Close nodes started
Executing /usr/runmvs/bin/trycmd 3 /usr/runmvs/bin/cmd 900 /usr/bin/ssh on node node1
Rsh on node node1 Ok
close_nodes: node node1 has been successfully freed
close_node: close_nodes script done
01.06.15 00:38:25: manager: close_nodes done
Unlocking nodes ...
Exiting...
