
***********
Task started in 1 time of 1 at 01.06.15 12:27:40
******************* node21 **********************
node21   Mic status: online online
mic_status=0
Stopping puppet agent: [  OK  ]
Host node21 has been prepared
error_flag=0
Preparing nodes for user kalgin
/usr/runmvs/bin/prepare_nodes '/usr/runmvs/users/kalgin/queue/run.xeon.sh.6'
Starting task process with pid 122379
Pid of sleeper is 122380
Sleeper 122380 started at 01.06.15 12:27:48 for 59 minutes
Signals set
manager: process 122379 done at 01.06.15 12:28:35
Killing sleeper 122380
Waiting for the end of sleeper
Sleeper done successfully
Creating done-file /usr/runmvs/users/kalgin/done/run.xeon.sh.6
Done-file created successfully
01.06.15 12:28:35: manager: closing nodes
close_node: running "/usr/runmvs/bin/close_nodes /usr/runmvs/users/kalgin/queue/run.xeon.sh.6 no"
Close nodes started
Executing /usr/runmvs/bin/trycmd 3 /usr/runmvs/bin/cmd 900 /usr/bin/ssh on node node21
Rsh on node node21 Ok
close_nodes: node node21 has been successfully freed
close_node: close_nodes script done
01.06.15 12:28:43: manager: close_nodes done
Unlocking nodes ...
Exiting...
