
***********
Task started in 1 time of 1 at 17.05.15 11:07:14
******************* node159 **********************
node159   Mic status: online online
mic_status=0
Stopping puppet agent: [  OK  ]
Host node159 has been prepared
error_flag=0
Preparing nodes for user kalgin
/usr/runmvs/bin/prepare_nodes '/usr/runmvs/users/kalgin/queue/run.xeon.sh.5'
Starting task process with pid 54759
Pid of sleeper is 54760
Sleeper 54760 started at 17.05.15 11:07:22 for 10 minutes
Signals set
manager: process 54759 done at 17.05.15 11:08:29
Killing sleeper 54760
Waiting for the end of sleeper
Sleeper done successfully
Creating done-file /usr/runmvs/users/kalgin/done/run.xeon.sh.5
Done-file created successfully
17.05.15 11:08:29: manager: closing nodes
close_node: running "/usr/runmvs/bin/close_nodes /usr/runmvs/users/kalgin/queue/run.xeon.sh.5 no"
Close nodes started
Executing /usr/runmvs/bin/trycmd 3 /usr/runmvs/bin/cmd 900 /usr/bin/ssh on node node159
Rsh on node node159 Ok
close_nodes: node node159 has been successfully freed
close_node: close_nodes script done
17.05.15 11:08:38: manager: close_nodes done
Unlocking nodes ...
Exiting...
