
***********
Task started in 1 time of 1 at 01.06.15 07:36:30
******************* node205 **********************
node205   Mic status: online online
mic_status=0
Stopping puppet agent: [  OK  ]
Host node205 has been prepared
error_flag=0
Preparing nodes for user kalgin
/usr/runmvs/bin/prepare_nodes '/usr/runmvs/users/kalgin/queue/run.xeon.sh.2'
Starting task process with pid 22193
Pid of sleeper is 22194
Sleeper 22194 started at 01.06.15 07:36:38 for 15 minutes
Signals set
manager: process 22193 done at 01.06.15 07:43:10
Killing sleeper 22194
Waiting for the end of sleeper
Sleeper done successfully
Creating done-file /usr/runmvs/users/kalgin/done/run.xeon.sh.2
Done-file created successfully
01.06.15 07:43:10: manager: closing nodes
close_node: running "/usr/runmvs/bin/close_nodes /usr/runmvs/users/kalgin/queue/run.xeon.sh.2 no"
Close nodes started
Executing /usr/runmvs/bin/trycmd 3 /usr/runmvs/bin/cmd 900 /usr/bin/ssh on node node205
Rsh on node node205 Ok
close_nodes: node node205 has been successfully freed
close_node: close_nodes script done
01.06.15 07:43:19: manager: close_nodes done
Unlocking nodes ...
Exiting...
