
***********
Task started in 1 time of 1 at 17.05.15 10:59:31
******************* node205 **********************
node205   Mic status: online online
mic_status=0
Stopping puppet agent: [  OK  ]
Host node205 has been prepared
error_flag=0
Preparing nodes for user kalgin
/usr/runmvs/bin/prepare_nodes '/usr/runmvs/users/kalgin/queue/run.xeon.sh.4'
Starting task process with pid 30450
Pid of sleeper is 30451
Signals set
Sleeper 30451 started at 17.05.15 10:59:38 for 10 minutes
manager: process 30450 done at 17.05.15 11:00:47
Killing sleeper 30451
Waiting for the end of sleeper
Sleeper done successfully
Creating done-file /usr/runmvs/users/kalgin/done/run.xeon.sh.4
Done-file created successfully
17.05.15 11:00:47: manager: closing nodes
close_node: running "/usr/runmvs/bin/close_nodes /usr/runmvs/users/kalgin/queue/run.xeon.sh.4 no"
Close nodes started
Executing /usr/runmvs/bin/trycmd 3 /usr/runmvs/bin/cmd 900 /usr/bin/ssh on node node205
Rsh on node node205 Ok
close_nodes: node node205 has been successfully freed
close_node: close_nodes script done
17.05.15 11:00:56: manager: close_nodes done
Unlocking nodes ...
Exiting...
