
***********
Task started in 1 time of 1 at 31.05.15 23:57:20
******************* node151 **********************
node151   Mic status: online online
mic_status=0
Stopping puppet agent: [  OK  ]
Host node151 has been prepared
error_flag=0
Preparing nodes for user kalgin
/usr/runmvs/bin/prepare_nodes '/usr/runmvs/users/kalgin/queue/run.xeon.sh.1'
Starting task process with pid 67733
Pid of sleeper is 67734
Sleeper 67734 started at 31.05.15 23:57:27 for 10 minutes
Signals set
manager: process 67733 done at 31.05.15 23:58:46
Killing sleeper 67734
Waiting for the end of sleeper
Sleeper done successfully
Creating done-file /usr/runmvs/users/kalgin/done/run.xeon.sh.1
Done-file created successfully
31.05.15 23:58:46: manager: closing nodes
close_node: running "/usr/runmvs/bin/close_nodes /usr/runmvs/users/kalgin/queue/run.xeon.sh.1 no"
Close nodes started
Executing /usr/runmvs/bin/trycmd 3 /usr/runmvs/bin/cmd 900 /usr/bin/ssh on node node151
Rsh on node node151 Ok
close_nodes: node node151 has been successfully freed
close_node: close_nodes script done
31.05.15 23:58:54: manager: close_nodes done
Unlocking nodes ...
Exiting...
