
***********
Task started in 1 time of 1 at 01.06.15 00:50:13
******************* node8 **********************
node8   Mic status: online online
mic_status=0
Stopping puppet agent: [  OK  ]
Host node8 has been prepared
error_flag=0
Preparing nodes for user kalgin
/usr/runmvs/bin/prepare_nodes '/usr/runmvs/users/kalgin/queue/run.xeon.sh.4'
Starting task process with pid 106961
Pid of sleeper is 106962
Sleeper 106962 started at 01.06.15 00:50:21 for 22 minutes
Signals set
manager: process 106961 done at 01.06.15 01:01:30
Killing sleeper 106962
Waiting for the end of sleeper
Sleeper done successfully
Creating done-file /usr/runmvs/users/kalgin/done/run.xeon.sh.4
Done-file created successfully
01.06.15 01:01:30: manager: closing nodes
close_node: running "/usr/runmvs/bin/close_nodes /usr/runmvs/users/kalgin/queue/run.xeon.sh.4 no"
Close nodes started
Executing /usr/runmvs/bin/trycmd 3 /usr/runmvs/bin/cmd 900 /usr/bin/ssh on node node8
Rsh on node node8 Ok
close_nodes: node node8 has been successfully freed
close_node: close_nodes script done
01.06.15 01:01:39: manager: close_nodes done
Unlocking nodes ...
Exiting...
