
***********
Task started in 1 time of 1 at 16.05.15 18:51:33
******************* node156 **********************
node156   Mic status: online online
mic_status=0
Stopping puppet agent: [  OK  ]
Host node156 has been prepared
error_flag=0
Preparing nodes for user kalgin
/usr/runmvs/bin/prepare_nodes '/usr/runmvs/users/kalgin/queue/run.xeon.sh.2'
Starting task process with pid 110471
Pid of sleeper is 110472
Sleeper 110472 started at 16.05.15 18:51:40 for 20 minutes
Signals set
manager: process 110471 done at 16.05.15 18:54:37
Killing sleeper 110472
Waiting for the end of sleeper
Sleeper done successfully
Creating done-file /usr/runmvs/users/kalgin/done/run.xeon.sh.2
Done-file created successfully
16.05.15 18:54:37: manager: closing nodes
close_node: running "/usr/runmvs/bin/close_nodes /usr/runmvs/users/kalgin/queue/run.xeon.sh.2 no"
Close nodes started
Executing /usr/runmvs/bin/trycmd 3 /usr/runmvs/bin/cmd 900 /usr/bin/ssh on node node156
Rsh on node node156 Ok
close_nodes: node node156 has been successfully freed
close_node: close_nodes script done
16.05.15 18:54:45: manager: close_nodes done
Unlocking nodes ...
Exiting...
