
***********
Task started in 1 time of 1 at 16.05.15 19:02:50
******************* node113 **********************
node113   Mic status: online online
mic_status=0
Stopping puppet agent: [  OK  ]
Host node113 has been prepared
error_flag=0
Preparing nodes for user kalgin
/usr/runmvs/bin/prepare_nodes '/usr/runmvs/users/kalgin/queue/run.xeon.sh.4'
Starting task process with pid 9891
Pid of sleeper is 9892
Sleeper 9892 started at 16.05.15 19:02:58 for 20 minutes
Signals set
manager: process 9891 done at 16.05.15 19:04:12
Killing sleeper 9892
Waiting for the end of sleeper
Sleeper done successfully
Creating done-file /usr/runmvs/users/kalgin/done/run.xeon.sh.4
Done-file created successfully
16.05.15 19:04:12: manager: closing nodes
close_node: running "/usr/runmvs/bin/close_nodes /usr/runmvs/users/kalgin/queue/run.xeon.sh.4 no"
Close nodes started
Executing /usr/runmvs/bin/trycmd 3 /usr/runmvs/bin/cmd 900 /usr/bin/ssh on node node113
Rsh on node node113 Ok
close_nodes: node node113 has been successfully freed
close_node: close_nodes script done
16.05.15 19:04:20: manager: close_nodes done
Unlocking nodes ...
Exiting...
