
***********
Task started in 1 time of 1 at 01.06.15 00:10:08
******************* node4 **********************
node4   Mic status: online online
mic_status=0
Stopping puppet agent: [  OK  ]
Host node4 has been prepared
error_flag=0
Preparing nodes for user kalgin
/usr/runmvs/bin/prepare_nodes '/usr/runmvs/users/kalgin/queue/run.xeon.sh.5'
Starting task process with pid 111431
Pid of sleeper is 111432
Sleeper 111432 started at 01.06.15 00:10:16 for 10 minutes
Signals set
manager: process 111431 done at 01.06.15 00:18:13
Killing sleeper 111432
Waiting for the end of sleeper
Sleeper done successfully
Creating done-file /usr/runmvs/users/kalgin/done/run.xeon.sh.5
Done-file created successfully
01.06.15 00:18:13: manager: closing nodes
close_node: running "/usr/runmvs/bin/close_nodes /usr/runmvs/users/kalgin/queue/run.xeon.sh.5 no"
Close nodes started
Executing /usr/runmvs/bin/trycmd 3 /usr/runmvs/bin/cmd 900 /usr/bin/ssh on node node4
Rsh on node node4 Ok
close_nodes: node node4 has been successfully freed
close_node: close_nodes script done
01.06.15 00:18:22: manager: close_nodes done
Unlocking nodes ...
Exiting...
