
***********
Task started in 1 time of 1 at 01.06.15 00:23:11
******************* node154 **********************
node154   Mic status: online online
mic_status=0
Stopping puppet agent: [  OK  ]
Host node154 has been prepared
error_flag=0
Preparing nodes for user kalgin
/usr/runmvs/bin/prepare_nodes '/usr/runmvs/users/kalgin/queue/run.xeon.sh.2'
Starting task process with pid 21397
Pid of sleeper is 21398
Signals set
Sleeper 21398 started at 01.06.15 00:23:18 for 20 minutes
manager: process 21397 done at 01.06.15 00:35:04
Killing sleeper 21398
Waiting for the end of sleeper
Sleeper done successfully
Creating done-file /usr/runmvs/users/kalgin/done/run.xeon.sh.2
Done-file created successfully
01.06.15 00:35:04: manager: closing nodes
close_node: running "/usr/runmvs/bin/close_nodes /usr/runmvs/users/kalgin/queue/run.xeon.sh.2 no"
Close nodes started
Executing /usr/runmvs/bin/trycmd 3 /usr/runmvs/bin/cmd 900 /usr/bin/ssh on node node154
Rsh on node node154 Ok
close_nodes: node node154 has been successfully freed
close_node: close_nodes script done
01.06.15 00:35:13: manager: close_nodes done
Unlocking nodes ...
Exiting...
