
***********
Task started in 1 time of 1 at 01.06.15 12:27:55
******************* node26 **********************
node26   Mic status: online online
mic_status=0
Stopping puppet agent: [  OK  ]
Host node26 has been prepared
error_flag=0
Preparing nodes for user kalgin
/usr/runmvs/bin/prepare_nodes '/usr/runmvs/users/kalgin/queue/run.xeon.sh.8'
Starting task process with pid 123166
Pid of sleeper is 123167
Sleeper 123167 started at 01.06.15 12:28:03 for 59 minutes
Signals set
manager: process 123166 done at 01.06.15 12:30:28
Killing sleeper 123167
Waiting for the end of sleeper
Sleeper done successfully
Creating done-file /usr/runmvs/users/kalgin/done/run.xeon.sh.8
Done-file created successfully
01.06.15 12:30:28: manager: closing nodes
close_node: running "/usr/runmvs/bin/close_nodes /usr/runmvs/users/kalgin/queue/run.xeon.sh.8 no"
Close nodes started
Executing /usr/runmvs/bin/trycmd 3 /usr/runmvs/bin/cmd 900 /usr/bin/ssh on node node26
Rsh on node node26 Ok
close_nodes: node node26 has been successfully freed
close_node: close_nodes script done
01.06.15 12:30:36: manager: close_nodes done
Unlocking nodes ...
Exiting...
