
***********
Task started in 1 time of 1 at 01.06.15 06:48:45
******************* node112 **********************
node112   Mic status: online online
mic_status=0
Stopping puppet agent: [  OK  ]
Host node112 has been prepared
error_flag=0
Preparing nodes for user kalgin
/usr/runmvs/bin/prepare_nodes '/usr/runmvs/users/kalgin/queue/run.xeon.sh.1'
Starting task process with pid 4576
Pid of sleeper is 4577
Signals set
Sleeper 4577 started at 01.06.15 06:48:52 for 22 minutes
manager: process 4576 done at 01.06.15 07:02:00
Killing sleeper 4577
Waiting for the end of sleeper
Sleeper done successfully
Creating done-file /usr/runmvs/users/kalgin/done/run.xeon.sh.1
Done-file created successfully
01.06.15 07:02:00: manager: closing nodes
close_node: running "/usr/runmvs/bin/close_nodes /usr/runmvs/users/kalgin/queue/run.xeon.sh.1 no"
Close nodes started
Executing /usr/runmvs/bin/trycmd 3 /usr/runmvs/bin/cmd 900 /usr/bin/ssh on node node112
Rsh on node node112 Ok
close_nodes: node node112 has been successfully freed
close_node: close_nodes script done
01.06.15 07:02:09: manager: close_nodes done
Unlocking nodes ...
Exiting...
