
***********
Task started in 1 time of 1 at 01.06.15 00:42:07
******************* node158 **********************
node158   Mic status: online online
mic_status=0
Stopping puppet agent: [  OK  ]
Host node158 has been prepared
error_flag=0
Preparing nodes for user kalgin
/usr/runmvs/bin/prepare_nodes '/usr/runmvs/users/kalgin/queue/run.xeon.sh.1'
Starting task process with pid 80528
Pid of sleeper is 80529
Sleeper 80529 started at 01.06.15 00:42:15 for 22 minutes
Signals set
manager: process 80528 done at 01.06.15 00:53:19
Killing sleeper 80529
Waiting for the end of sleeper
Sleeper done successfully
Creating done-file /usr/runmvs/users/kalgin/done/run.xeon.sh.1
Done-file created successfully
01.06.15 00:53:19: manager: closing nodes
close_node: running "/usr/runmvs/bin/close_nodes /usr/runmvs/users/kalgin/queue/run.xeon.sh.1 no"
Close nodes started
Executing /usr/runmvs/bin/trycmd 3 /usr/runmvs/bin/cmd 900 /usr/bin/ssh on node node158
Rsh on node node158 Ok
close_nodes: node node158 has been successfully freed
close_node: close_nodes script done
01.06.15 00:53:27: manager: close_nodes done
Unlocking nodes ...
Exiting...
