
***********
Task started in 1 time of 1 at 01.06.15 00:01:51
******************* node155 **********************
node155   Mic status: online online
mic_status=0
Stopping puppet agent: [  OK  ]
Host node155 has been prepared
error_flag=0
Preparing nodes for user kalgin
/usr/runmvs/bin/prepare_nodes '/usr/runmvs/users/kalgin/queue/run.xeon.sh.1'
Starting task process with pid 84954
Pid of sleeper is 84955
Signals set
Sleeper 84955 started at 01.06.15 00:01:58 for 10 minutes
manager: process 84954 done at 01.06.15 00:09:59
Killing sleeper 84955
Waiting for the end of sleeper
Sleeper done successfully
Creating done-file /usr/runmvs/users/kalgin/done/run.xeon.sh.1
Done-file created successfully
01.06.15 00:09:59: manager: closing nodes
close_node: running "/usr/runmvs/bin/close_nodes /usr/runmvs/users/kalgin/queue/run.xeon.sh.1 no"
Close nodes started
Executing /usr/runmvs/bin/trycmd 3 /usr/runmvs/bin/cmd 900 /usr/bin/ssh on node node155
Rsh on node node155 Ok
close_nodes: node node155 has been successfully freed
close_node: close_nodes script done
01.06.15 00:10:08: manager: close_nodes done
Unlocking nodes ...
Exiting...
