
***********
Task started in 1 time of 1 at 01.06.15 08:08:55
******************* node112 **********************
node112   Mic status: online online
mic_status=0
Stopping puppet agent: [  OK  ]
Host node112 has been prepared
error_flag=0
Preparing nodes for user kalgin
/usr/runmvs/bin/prepare_nodes '/usr/runmvs/users/kalgin/queue/run.xeon.sh.9'
Starting task process with pid 120330
Pid of sleeper is 120331
Sleeper 120331 started at 01.06.15 08:09:03 for 59 minutes
Signals set
manager: process 120330 done at 01.06.15 08:20:34
Killing sleeper 120331
Waiting for the end of sleeper
Sleeper done successfully
Creating done-file /usr/runmvs/users/kalgin/done/run.xeon.sh.9
Done-file created successfully
01.06.15 08:20:34: manager: closing nodes
close_node: running "/usr/runmvs/bin/close_nodes /usr/runmvs/users/kalgin/queue/run.xeon.sh.9 no"
Close nodes started
Executing /usr/runmvs/bin/trycmd 3 /usr/runmvs/bin/cmd 900 /usr/bin/ssh on node node112
Rsh on node node112 Ok
close_nodes: node node112 has been successfully freed
close_node: close_nodes script done
01.06.15 08:20:42: manager: close_nodes done
Unlocking nodes ...
Exiting...
