
***********
Task started in 1 time of 1 at 17.05.15 01:58:59
******************* node159 **********************
node159   Mic status: online online
mic_status=0
Stopping puppet agent: [  OK  ]
Host node159 has been prepared
error_flag=0
Preparing nodes for user kalgin
/usr/runmvs/bin/prepare_nodes '/usr/runmvs/users/kalgin/queue/run.xeon.sh.mergerm.4'
Starting task process with pid 7546
Pid of sleeper is 7547
Sleeper 7547 started at 17.05.15 01:59:07 for 20 minutes
Signals set
manager: process 7546 done at 17.05.15 02:07:27
Killing sleeper 7547
Waiting for the end of sleeper
Sleeper done successfully
Creating done-file /usr/runmvs/users/kalgin/done/run.xeon.sh.mergerm.4
Done-file created successfully
17.05.15 02:07:27: manager: closing nodes
close_node: running "/usr/runmvs/bin/close_nodes /usr/runmvs/users/kalgin/queue/run.xeon.sh.mergerm.4 no"
Close nodes started
Executing /usr/runmvs/bin/trycmd 3 /usr/runmvs/bin/cmd 900 /usr/bin/ssh on node node159
Rsh on node node159 Ok
close_nodes: node node159 has been successfully freed
close_node: close_nodes script done
17.05.15 02:07:35: manager: close_nodes done
Unlocking nodes ...
Exiting...
