
***********
Task started in 1 time of 1 at 16.05.15 18:51:41
******************* node159 **********************
node159   Mic status: online online
mic_status=0
Stopping puppet agent: [  OK  ]
Host node159 has been prepared
error_flag=0
Preparing nodes for user kalgin
/usr/runmvs/bin/prepare_nodes '/usr/runmvs/users/kalgin/queue/run.xeon.sh.3'
Starting task process with pid 110836
Pid of sleeper is 110837
Signals set
Sleeper 110837 started at 16.05.15 18:51:49 for 20 minutes
manager: process 110836 done at 16.05.15 18:54:44
Killing sleeper 110837
Waiting for the end of sleeper
Sleeper done successfully
Creating done-file /usr/runmvs/users/kalgin/done/run.xeon.sh.3
Done-file created successfully
16.05.15 18:54:44: manager: closing nodes
close_node: running "/usr/runmvs/bin/close_nodes /usr/runmvs/users/kalgin/queue/run.xeon.sh.3 no"
Close nodes started
Executing /usr/runmvs/bin/trycmd 3 /usr/runmvs/bin/cmd 900 /usr/bin/ssh on node node159
Rsh on node node159 Ok
close_nodes: node node159 has been successfully freed
close_node: close_nodes script done
16.05.15 18:54:52: manager: close_nodes done
Unlocking nodes ...
Exiting...
