
***********
Task started in 1 time of 1 at 31.05.15 23:57:54
******************* node155 **********************
node155   Mic status: online online
mic_status=0
Stopping puppet agent: [  OK  ]
Host node155 has been prepared
error_flag=0
Preparing nodes for user kalgin
/usr/runmvs/bin/prepare_nodes '/usr/runmvs/users/kalgin/queue/run.xeon.sh.5'
Starting task process with pid 69392
Pid of sleeper is 69393
Sleeper 69393 started at 31.05.15 23:58:01 for 10 minutes
Signals set
manager: process 69392 done at 31.05.15 23:59:20
Killing sleeper 69393
Waiting for the end of sleeper
Sleeper done successfully
Creating done-file /usr/runmvs/users/kalgin/done/run.xeon.sh.5
Done-file created successfully
31.05.15 23:59:20: manager: closing nodes
close_node: running "/usr/runmvs/bin/close_nodes /usr/runmvs/users/kalgin/queue/run.xeon.sh.5 no"
Close nodes started
Executing /usr/runmvs/bin/trycmd 3 /usr/runmvs/bin/cmd 900 /usr/bin/ssh on node node155
Rsh on node node155 Ok
close_nodes: node node155 has been successfully freed
close_node: close_nodes script done
31.05.15 23:59:29: manager: close_nodes done
Unlocking nodes ...
Exiting...
